[debug] [2023-12-07T18:14:50.675Z] ----------------------------------------------------------------------
[debug] [2023-12-07T18:14:50.676Z] Command:       C:\Program Files\nodejs\node.exe C:\Program Files\nodejs\node_modules\firebase-tools\lib\bin\firebase.js init hosting
[debug] [2023-12-07T18:14:50.676Z] CLI Version:   12.9.1
[debug] [2023-12-07T18:14:50.677Z] Platform:      win32
[debug] [2023-12-07T18:14:50.677Z] Node Version:  v21.3.0
[debug] [2023-12-07T18:14:50.677Z] Time:          Thu Dec 07 2023 10:14:50 GMT-0800 (Pacific Standard Time)
[debug] [2023-12-07T18:14:50.677Z] ----------------------------------------------------------------------
[debug] 
[debug] [2023-12-07T18:14:50.679Z] >>> [apiv2][query] GET https://firebase-public.firebaseio.com/cli.json [none]
[debug] [2023-12-07T18:14:50.709Z] > command requires scopes: ["email","openid","https://www.googleapis.com/auth/cloudplatformprojects.readonly","https://www.googleapis.com/auth/firebase","https://www.googleapis.com/auth/cloud-platform"]
[debug] [2023-12-07T18:14:50.709Z] > authorizing via signed-in user (alexhammond1997@gmail.com)
[info] 
     ######## #### ########  ######## ########     ###     ######  ########
     ##        ##  ##     ## ##       ##     ##  ##   ##  ##       ##
     ######    ##  ########  ######   ########  #########  ######  ######
     ##        ##  ##    ##  ##       ##     ## ##     ##       ## ##
     ##       #### ##     ## ######## ########  ##     ##  ######  ########

You're about to initialize a Firebase project in this directory:

  C:\Users\alexh\Documents\WebProjects\mat-app

[debug] [2023-12-07T18:14:50.922Z] <<< [apiv2][status] GET https://firebase-public.firebaseio.com/cli.json 200
[debug] [2023-12-07T18:14:50.922Z] <<< [apiv2][body] GET https://firebase-public.firebaseio.com/cli.json {"cloudBuildErrorAfter":1594252800000,"cloudBuildWarnAfter":1590019200000,"defaultNode10After":1594252800000,"minVersion":"3.0.5","node8DeploysDisabledAfter":1613390400000,"node8RuntimeDisabledAfter":1615809600000,"node8WarnAfter":1600128000000}
[info] 
=== Project Setup
[info] 
[info] First, let's associate this project directory with a Firebase project.
[info] You can create multiple project aliases by running firebase use --add, 
[info] but for now we'll just set up a default project.
[info] 
[debug] [2023-12-07T18:14:56.202Z] > refreshing access token with scopes: []
[debug] [2023-12-07T18:14:56.202Z] >>> [apiv2][query] POST https://www.googleapis.com/oauth2/v3/token [none]
[debug] [2023-12-07T18:14:56.202Z] >>> [apiv2][body] POST https://www.googleapis.com/oauth2/v3/token [omitted]
[debug] [2023-12-07T18:14:56.395Z] <<< [apiv2][status] POST https://www.googleapis.com/oauth2/v3/token 200
[debug] [2023-12-07T18:14:56.395Z] <<< [apiv2][body] POST https://www.googleapis.com/oauth2/v3/token [omitted]
[debug] [2023-12-07T18:14:56.407Z] >>> [apiv2][query] GET https://firebase.googleapis.com/v1beta1/projects pageSize=100
[debug] [2023-12-07T18:14:56.804Z] <<< [apiv2][status] GET https://firebase.googleapis.com/v1beta1/projects 200
[debug] [2023-12-07T18:14:56.804Z] <<< [apiv2][body] GET https://firebase.googleapis.com/v1beta1/projects [omitted]
[info] i  Using project minnesota-tumbling (minnesota-tumbling) 
[info] 
=== Hosting Setup
[debug] [2023-12-07T18:14:59.798Z] >>> [apiv2][query] GET https://firebase.googleapis.com/v1beta1/projects/minnesota-tumbling [none]
[debug] [2023-12-07T18:14:59.964Z] <<< [apiv2][status] GET https://firebase.googleapis.com/v1beta1/projects/minnesota-tumbling 200
[debug] [2023-12-07T18:14:59.964Z] <<< [apiv2][body] GET https://firebase.googleapis.com/v1beta1/projects/minnesota-tumbling {"projectId":"minnesota-tumbling","projectNumber":"924154173026","displayName":"minnesota-tumbling","name":"projects/minnesota-tumbling","resources":{"hostingSite":"minnesota-tumbling"},"state":"ACTIVE","etag":"1_cc6410dc-4e65-4b88-a47e-e14d13c7f612"}
[info] 
[info] i  Detected a .git folder at C:\Users\alexh\Documents\WebProjects\mat-app 
[info] i  Authorizing with GitHub to upload your service account to a GitHub repository's secrets store. 
[info] 
[info] Visit this URL on this device to log in:
[info] https://github.com/login/oauth/authorize?client_id=89cf50f02ac6aaed3484&state=869668478&redirect_uri=http%3A%2F%2Flocalhost%3A9005&scope=read%3Auser%20repo%20public_repo
[info] 
[info] Waiting for authentication...
[debug] [2023-12-07T18:16:20.494Z] >>> [apiv2][query] POST https://github.com/login/oauth/access_token [none]
[debug] [2023-12-07T18:16:20.494Z] >>> [apiv2][body] POST https://github.com/login/oauth/access_token [stream]
[debug] [2023-12-07T18:16:20.865Z] <<< [apiv2][status] POST https://github.com/login/oauth/access_token 200
[debug] [2023-12-07T18:16:20.866Z] <<< [apiv2][body] POST https://github.com/login/oauth/access_token {"access_token":"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","token_type":"bearer","scope":"read:user,repo"}
[debug] [2023-12-07T18:16:20.874Z] >>> [apiv2][query] GET https://api.github.com/user [none]
[debug] [2023-12-07T18:16:21.236Z] <<< [apiv2][status] GET https://api.github.com/user 200
[debug] [2023-12-07T18:16:21.237Z] <<< [apiv2][body] GET https://api.github.com/user {"login":"palexzander-55","id":56902184,"node_id":"MDQ6VXNlcjU2OTAyMTg0","avatar_url":"https://avatars.githubusercontent.com/u/56902184?v=4","gravatar_id":"","url":"https://api.github.com/users/palexzander-55","html_url":"https://github.com/palexzander-55","followers_url":"https://api.github.com/users/palexzander-55/followers","following_url":"https://api.github.com/users/palexzander-55/following{/other_user}","gists_url":"https://api.github.com/users/palexzander-55/gists{/gist_id}","starred_url":"https://api.github.com/users/palexzander-55/starred{/owner}{/repo}","subscriptions_url":"https://api.github.com/users/palexzander-55/subscriptions","organizations_url":"https://api.github.com/users/palexzander-55/orgs","repos_url":"https://api.github.com/users/palexzander-55/repos","events_url":"https://api.github.com/users/palexzander-55/events{/privacy}","received_events_url":"https://api.github.com/users/palexzander-55/received_events","type":"User","site_admin":false,"name":null,"company":null,"blog":"","location":null,"email":null,"hireable":null,"bio":null,"twitter_username":null,"public_repos":2,"public_gists":0,"followers":0,"following":0,"created_at":"2019-10-23T01:49:15Z","updated_at":"2023-12-07T18:16:15Z","private_gists":0,"total_private_repos":7,"owned_private_repos":7,"disk_usage":1798,"collaborators":0,"two_factor_authentication":false,"plan":{"name":"free","space":976562499,"collaborators":0,"private_repos":10000}}
[info] 
[info] +  Success! Logged into GitHub as palexzander-55 
[info] 
